c:\users\amir\desktop\github\cuda\rgb2gray\x64\debug\vc140.pdb
c:\users\amir\desktop\github\cuda\rgb2gray\x64\debug\vc140.idb
c:\users\amir\desktop\github\cuda\rgb2gray\x64\debug\rgb2gray.obj
c:\users\amir\desktop\github\cuda\rgb2gray\bin\win64\debug\rgb2gray.ilk
c:\users\amir\desktop\github\cuda\rgb2gray\bin\win64\debug\rgb2gray.exe
c:\users\amir\desktop\github\cuda\rgb2gray\bin\win64\debug\rgb2gray.pdb
c:\users\amir\desktop\github\cuda\rgb2gray\bin\win64\debug\rgb2gray.lib
c:\users\amir\desktop\github\cuda\rgb2gray\bin\win64\debug\rgb2gray.exp
c:\users\amir\desktop\github\cuda\rgb2gray\x64\debug\rgb2gray.cu.cache
c:\users\amir\desktop\github\cuda\rgb2gray\x64\debug\template.cu.cache
c:\users\amir\desktop\github\cuda\rgb2gray\x64\debug\rgb2gray.cu.obj
c:\users\amir\desktop\github\cuda\rgb2gray\x64\debug\template.cu.obj
c:\users\amir\desktop\github\cuda\rgb2gray\x64\debug\template_cpu.obj
c:\users\amir\desktop\github\cuda\rgb2gray\bin/win64/debug/rgb2gray.exe
c:\users\amir\desktop\github\cuda\rgb2gray\x64\debug\rgb2gray.tlog\cl.command.1.tlog
c:\users\amir\desktop\github\cuda\rgb2gray\x64\debug\rgb2gray.tlog\cl.read.1.tlog
c:\users\amir\desktop\github\cuda\rgb2gray\x64\debug\rgb2gray.tlog\cl.write.1.tlog
c:\users\amir\desktop\github\cuda\rgb2gray\x64\debug\rgb2gray.tlog\link.command.1.tlog
c:\users\amir\desktop\github\cuda\rgb2gray\x64\debug\rgb2gray.tlog\link.read.1.tlog
c:\users\amir\desktop\github\cuda\rgb2gray\x64\debug\rgb2gray.tlog\link.write.1.tlog
c:\users\amir\desktop\github\cuda\rgb2gray\x64\debug\rgb2gray.tlog\rgb2gray.write.1u.tlog
