c:\users\amir\desktop\cuda\cuda samples\v9.1\0_simple\template\x64\debug\vc140.pdb
c:\users\amir\desktop\cuda\cuda samples\v9.1\0_simple\template\x64\debug\vc140.idb
c:\users\amir\desktop\cuda\cuda samples\v9.1\0_simple\template\x64\debug\template_cpu.obj
c:\users\amir\desktop\cuda\mycuda\template\x64\debug\vc140.pdb
c:\users\amir\desktop\cuda\mycuda\template\x64\debug\vc140.idb
c:\users\amir\desktop\cuda\mycuda\template\x64\debug\template_cpu.obj
c:\users\amir\desktop\cuda\cuda samples\v9.1\bin\win64\debug\template.ilk
c:\users\amir\desktop\cuda\cuda samples\v9.1\bin\win64\debug\template.exe
c:\users\amir\desktop\cuda\cuda samples\v9.1\bin\win64\debug\template.pdb
c:\users\amir\desktop\cuda\bin\win64\debug\template.ilk
c:\users\amir\desktop\cuda\bin\win64\debug\template.exe
c:\users\amir\desktop\cuda\bin\win64\debug\template.pdb
c:\users\amir\desktop\cuda\cuda samples\v9.1\bin\win64\debug\template.lib
c:\users\amir\desktop\cuda\cuda samples\v9.1\bin\win64\debug\template.exp
c:\users\amir\desktop\cuda\bin\win64\debug\template.lib
c:\users\amir\desktop\cuda\bin\win64\debug\template.exp
c:\users\amir\desktop\cuda\mycuda\template\x64\debug\template.cu.cache
c:\users\amir\desktop\cuda\mycuda\template\x64\debug\template.cu.obj
c:\users\amir\desktop\cuda\mycuda\template\../../bin/win64/debug/template.exe
c:\users\amir\desktop\cuda\mycuda\template\x64\debug\template.tlog\cl.command.1.tlog
c:\users\amir\desktop\cuda\mycuda\template\x64\debug\template.tlog\cl.read.1.tlog
c:\users\amir\desktop\cuda\mycuda\template\x64\debug\template.tlog\cl.write.1.tlog
c:\users\amir\desktop\cuda\mycuda\template\x64\debug\template.tlog\link.command.1.tlog
c:\users\amir\desktop\cuda\mycuda\template\x64\debug\template.tlog\link.read.1.tlog
c:\users\amir\desktop\cuda\mycuda\template\x64\debug\template.tlog\link.write.1.tlog
c:\users\amir\desktop\cuda\mycuda\template\x64\debug\template.tlog\template.write.1u.tlog
